#
# There is insufficient memory for the Java Runtime Environment to continue.
# Native memory allocation (malloc) failed to allocate 591216 bytes. Error detail: Chunk::new
# Possible reasons:
#   The system is out of physical RAM or swap space
#   This process is running with CompressedOops enabled, and the Java Heap may be blocking the growth of the native heap
# Possible solutions:
#   Reduce memory load on the system
#   Increase physical memory or swap space
#   Check if swap backing store is full
#   Decrease Java heap size (-Xmx/-Xms)
#   Decrease number of Java threads
#   Decrease Java thread stack sizes (-Xss)
#   Set larger code cache with -XX:ReservedCodeCacheSize=
#   JVM is running with Zero Based Compressed Oops mode in which the Java heap is
#     placed in the first 32GB address space. The Java Heap base address is the
#     maximum limit for the native heap growth. Please use -XX:HeapBaseMinAddress
#     to set the Java Heap base and to place the Java Heap above 32GB virtual address.
# This output file may be truncated or incomplete.
#
#  Out of Memory Error (arena.cpp:168), pid=18716, tid=18904
#
# JRE version: OpenJDK Runtime Environment Temurin-21.0.10+7 (21.0.10+7) (build 21.0.10+7-LTS)
# Java VM: OpenJDK 64-Bit Server VM Temurin-21.0.10+7 (21.0.10+7-LTS, mixed mode, sharing, tiered, compressed oops, compressed class ptrs, g1 gc, windows-amd64)
# No core dump will be written. Minidumps are not enabled by default on client versions of Windows
#

---------------  S U M M A R Y ------------

Command Line: -Dapplication.home=C:\Program Files\Eclipse Adoptium\jdk-21.0.10.7-hotspot --add-modules=ALL-DEFAULT -Xms8m -Djdk.module.main=jdk.compiler jdk.compiler/com.sun.tools.javac.Main @C:/Users/Ali Computers/AppData/Local/Temp/org.codehaus.plexus.compiler.javac.JavacCompiler11229694074867711232arguments

Host: 11th Gen Intel(R) Core(TM) i5-1145G7 @ 2.60GHz, 8 cores, 15G,  Windows 11 , 64 bit Build 22000 (10.0.22000.2538)
Time: Fri Apr 17 21:22:13 2026 Pakistan Standard Time elapsed time: 4.866090 seconds (0d 0h 0m 4s)

---------------  T H R E A D  ---------------

Current thread (0x000002851416eb80):  JavaThread "C2 CompilerThread0" daemon [_thread_in_native, id=18904, stack(0x000000ae2ba00000,0x000000ae2bb00000) (1024K)]


Current CompileTask:
C2:4866 8044       4       com.sun.tools.javac.comp.Resolve::isAccessible (394 bytes)

Stack: [0x000000ae2ba00000,0x000000ae2bb00000]
Native frames: (J=compiled Java code, j=interpreted, Vv=VM code, C=native code)
V  [jvm.dll+0x6d7a39]
V  [jvm.dll+0x8b4b26]
V  [jvm.dll+0x8b70de]
V  [jvm.dll+0x8b77c3]
V  [jvm.dll+0x284346]
V  [jvm.dll+0xc66ed]
V  [jvm.dll+0xc6c31]
V  [jvm.dll+0x2fb29e]
V  [jvm.dll+0x5fe884]
V  [jvm.dll+0x255b17]
V  [jvm.dll+0x24df54]
V  [jvm.dll+0x24ba42]
V  [jvm.dll+0x1cb34e]
V  [jvm.dll+0x25b85d]
V  [jvm.dll+0x259dea]
V  [jvm.dll+0x3f857e]
V  [jvm.dll+0x85f59d]
V  [jvm.dll+0x6d626d]
C  [ucrtbase.dll+0x26c0c]
C  [KERNEL32.DLL+0x153e0]
C  [ntdll.dll+0x485b]


---------------  P R O C E S S  ---------------

Threads class SMR info:
_java_thread_list=0x00000285143f7a20, length=11, elements={
0x00000284b1e35700, 0x00000285141308a0, 0x0000028514132960, 0x0000028514133970,
0x00000285141345f0, 0x000002851413dd20, 0x0000028514143e00, 0x000002851416eb80,
0x0000028514172380, 0x00000285143d8080, 0x00000285143d6cd0
}

Java Threads: ( => current thread )
  0x00000284b1e35700 JavaThread "main"                              [_thread_in_Java, id=27412, stack(0x000000ae2ac00000,0x000000ae2ad00000) (1024K)]
  0x00000285141308a0 JavaThread "Reference Handler"          daemon [_thread_blocked, id=20536, stack(0x000000ae2b400000,0x000000ae2b500000) (1024K)]
  0x0000028514132960 JavaThread "Finalizer"                  daemon [_thread_blocked, id=1952, stack(0x000000ae2b500000,0x000000ae2b600000) (1024K)]
  0x0000028514133970 JavaThread "Signal Dispatcher"          daemon [_thread_blocked, id=3828, stack(0x000000ae2b600000,0x000000ae2b700000) (1024K)]
  0x00000285141345f0 JavaThread "Attach Listener"            daemon [_thread_blocked, id=3100, stack(0x000000ae2b700000,0x000000ae2b800000) (1024K)]
  0x000002851413dd20 JavaThread "Service Thread"             daemon [_thread_blocked, id=12880, stack(0x000000ae2b800000,0x000000ae2b900000) (1024K)]
  0x0000028514143e00 JavaThread "Monitor Deflation Thread"   daemon [_thread_blocked, id=25772, stack(0x000000ae2b900000,0x000000ae2ba00000) (1024K)]
=>0x000002851416eb80 JavaThread "C2 CompilerThread0"         daemon [_thread_in_native, id=18904, stack(0x000000ae2ba00000,0x000000ae2bb00000) (1024K)]
  0x0000028514172380 JavaThread "C1 CompilerThread0"         daemon [_thread_in_native, id=27572, stack(0x000000ae2bb00000,0x000000ae2bc00000) (1024K)]
  0x00000285143d8080 JavaThread "Notification Thread"        daemon [_thread_blocked, id=6700, stack(0x000000ae2bc00000,0x000000ae2bd00000) (1024K)]
  0x00000285143d6cd0 JavaThread "Common-Cleaner"             daemon [_thread_blocked, id=22292, stack(0x000000ae2bd00000,0x000000ae2be00000) (1024K)]
Total: 11

Other Threads:
  0x00000284b40c74f0 VMThread "VM Thread"                           [id=2148, stack(0x000000ae2b300000,0x000000ae2b400000) (1024K)]
  0x000002851411d2d0 WatcherThread "VM Periodic Task Thread"        [id=15724, stack(0x000000ae2b200000,0x000000ae2b300000) (1024K)]
  0x00000284b4062eb0 WorkerThread "GC Thread#0"                     [id=14316, stack(0x000000ae2ad00000,0x000000ae2ae00000) (1024K)]
  0x0000028514477030 WorkerThread "GC Thread#1"                     [id=25352, stack(0x000000ae2be00000,0x000000ae2bf00000) (1024K)]
  0x0000028514527a10 WorkerThread "GC Thread#2"                     [id=9124, stack(0x000000ae2bf00000,0x000000ae2c000000) (1024K)]
  0x000002851450c420 WorkerThread "GC Thread#3"                     [id=24156, stack(0x000000ae2c000000,0x000000ae2c100000) (1024K)]
  0x00000285148ba430 WorkerThread "GC Thread#4"                     [id=23008, stack(0x000000ae2c200000,0x000000ae2c300000) (1024K)]
  0x0000028514c467e0 WorkerThread "GC Thread#5"                     [id=24368, stack(0x000000ae2c300000,0x000000ae2c400000) (1024K)]
  0x00000285190caf00 WorkerThread "GC Thread#6"                     [id=20796, stack(0x000000ae2c400000,0x000000ae2c500000) (1024K)]
  0x0000028519998830 WorkerThread "GC Thread#7"                     [id=21820, stack(0x000000ae2c500000,0x000000ae2c600000) (1024K)]
  0x00000284b4073eb0 ConcurrentGCThread "G1 Main Marker"            [id=20616, stack(0x000000ae2ae00000,0x000000ae2af00000) (1024K)]
  0x00000284b40749c0 WorkerThread "G1 Conc#0"                       [id=21080, stack(0x000000ae2af00000,0x000000ae2b000000) (1024K)]
  0x00000285144decc0 WorkerThread "G1 Conc#1"                       [id=7108, stack(0x000000ae2c100000,0x000000ae2c200000) (1024K)]
  0x00000284b40a7ed0 ConcurrentGCThread "G1 Refine#0"               [id=25256, stack(0x000000ae2b000000,0x000000ae2b100000) (1024K)]
  0x00000284b40a8950 ConcurrentGCThread "G1 Service"                [id=23900, stack(0x000000ae2b100000,0x000000ae2b200000) (1024K)]
Total: 15

Threads with active compile tasks:
C2 CompilerThread0  4884 8044       4       com.sun.tools.javac.comp.Resolve::isAccessible (394 bytes)
Total: 1

VM state: not at safepoint (normal execution)

VM Mutex/Monitor currently owned by a thread: None

Heap address: 0x0000000709a00000, size: 3942 MB, Compressed Oops mode: Zero based, Oop shift amount: 3

CDS archive(s) mapped at: [0x00000284d3000000-0x00000284d3c80000-0x00000284d3c80000), size 13107200, SharedBaseAddress: 0x00000284d3000000, ArchiveRelocationMode: 1.
Compressed class space mapped at: 0x00000284d4000000-0x0000028514000000, reserved size: 1073741824
Narrow klass base: 0x00000284d3000000, Narrow klass shift: 0, Narrow klass range: 0x100000000

GC Precious Log:
 CardTable entry size: 512
 Card Set container configuration: InlinePtr #cards 4 size 8 Array Of Cards #cards 16 size 48 Howl #buckets 8 coarsen threshold 3686 Howl Bitmap #cards 512 size 80 coarsen threshold 460 Card regions per heap region 1 cards per card region 4096
 CPUs: 8 total, 8 available
 Memory: 15761M
 Large Page Support: Disabled
 NUMA Support: Disabled
 Compressed Oops: Enabled (Zero based)
 Heap Region Size: 2M
 Heap Min Capacity: 8M
 Heap Initial Capacity: 8M
 Heap Max Capacity: 3942M
 Pre-touch: Disabled
 Parallel Workers: 8
 Concurrent Workers: 2
 Concurrent Refinement Workers: 8
 Periodic GC: Disabled

Heap:
 garbage-first heap   total 239616K, used 100671K [0x0000000709a00000, 0x0000000800000000)
  region size 2048K, 23 young (47104K), 4 survivors (8192K)
 Metaspace       used 18241K, committed 18688K, reserved 1114112K
  class space    used 1849K, committed 2048K, reserved 1048576K

Heap Regions: E=young(eden), S=young(survivor), O=old, HS=humongous(starts), HC=humongous(continues), CS=collection set, F=free, TAMS=top-at-mark-start, PB=parsable bottom
|   0|0x0000000709a00000, 0x0000000709c00000, 0x0000000709c00000|100%|HS|  |TAMS 0x0000000709a00000| PB 0x0000000709a00000| Complete 
|   1|0x0000000709c00000, 0x0000000709e00000, 0x0000000709e00000|100%| O|  |TAMS 0x0000000709c00000| PB 0x0000000709c00000| Untracked 
|   2|0x0000000709e00000, 0x000000070a000000, 0x000000070a000000|100%|HS|  |TAMS 0x0000000709e00000| PB 0x0000000709e00000| Complete 
|   3|0x000000070a000000, 0x000000070a200000, 0x000000070a200000|100%| O|  |TAMS 0x000000070a000000| PB 0x000000070a000000| Untracked 
|   4|0x000000070a200000, 0x000000070a400000, 0x000000070a400000|100%| O|  |TAMS 0x000000070a200000| PB 0x000000070a200000| Untracked 
|   5|0x000000070a400000, 0x000000070a600000, 0x000000070a600000|100%| O|  |TAMS 0x000000070a400000| PB 0x000000070a400000| Untracked 
|   6|0x000000070a600000, 0x000000070a800000, 0x000000070a800000|100%| O|  |TAMS 0x000000070a600000| PB 0x000000070a600000| Untracked 
|   7|0x000000070a800000, 0x000000070aa00000, 0x000000070aa00000|100%| O|  |TAMS 0x000000070a800000| PB 0x000000070a800000| Untracked 
|   8|0x000000070aa00000, 0x000000070ac00000, 0x000000070ac00000|100%| O|  |TAMS 0x000000070aa00000| PB 0x000000070aa00000| Untracked 
|   9|0x000000070ac00000, 0x000000070ae00000, 0x000000070ae00000|100%| O|  |TAMS 0x000000070ac00000| PB 0x000000070ac00000| Untracked 
|  10|0x000000070ae00000, 0x000000070b000000, 0x000000070b000000|100%| O|  |TAMS 0x000000070ae00000| PB 0x000000070ae00000| Untracked 
|  11|0x000000070b000000, 0x000000070b200000, 0x000000070b200000|100%| O|  |TAMS 0x000000070b000000| PB 0x000000070b000000| Untracked 
|  12|0x000000070b200000, 0x000000070b400000, 0x000000070b400000|100%|HS|  |TAMS 0x000000070b200000| PB 0x000000070b200000| Complete 
|  13|0x000000070b400000, 0x000000070b600000, 0x000000070b600000|100%| O|  |TAMS 0x000000070b400000| PB 0x000000070b400000| Untracked 
|  14|0x000000070b600000, 0x000000070b800000, 0x000000070b800000|100%| O|  |TAMS 0x000000070b600000| PB 0x000000070b600000| Untracked 
|  15|0x000000070b800000, 0x000000070ba00000, 0x000000070ba00000|100%| O|  |TAMS 0x000000070b800000| PB 0x000000070b800000| Untracked 
|  16|0x000000070ba00000, 0x000000070bc00000, 0x000000070bc00000|100%| O|  |TAMS 0x000000070ba00000| PB 0x000000070ba00000| Untracked 
|  17|0x000000070bc00000, 0x000000070be00000, 0x000000070be00000|100%| O|  |TAMS 0x000000070bc00000| PB 0x000000070bc00000| Untracked 
|  18|0x000000070be00000, 0x000000070c000000, 0x000000070c000000|100%| O|  |TAMS 0x000000070be00000| PB 0x000000070be00000| Untracked 
|  19|0x000000070c000000, 0x000000070c200000, 0x000000070c200000|100%| O|  |TAMS 0x000000070c000000| PB 0x000000070c000000| Untracked 
|  20|0x000000070c200000, 0x000000070c400000, 0x000000070c400000|100%| O|  |TAMS 0x000000070c200000| PB 0x000000070c200000| Untracked 
|  21|0x000000070c400000, 0x000000070c600000, 0x000000070c600000|100%| O|  |TAMS 0x000000070c400000| PB 0x000000070c400000| Untracked 
|  22|0x000000070c600000, 0x000000070c6a15e0, 0x000000070c800000| 31%| O|  |TAMS 0x000000070c600000| PB 0x000000070c600000| Untracked 
|  23|0x000000070c800000, 0x000000070ca00000, 0x000000070ca00000|100%|HS|  |TAMS 0x000000070c800000| PB 0x000000070c800000| Complete 
|  24|0x000000070ca00000, 0x000000070cc00000, 0x000000070cc00000|100%|HC|  |TAMS 0x000000070ca00000| PB 0x000000070ca00000| Complete 
|  25|0x000000070cc00000, 0x000000070cc00000, 0x000000070ce00000|  0%| F|  |TAMS 0x000000070cc00000| PB 0x000000070cc00000| Untracked 
|  26|0x000000070ce00000, 0x000000070ce00000, 0x000000070d000000|  0%| F|  |TAMS 0x000000070ce00000| PB 0x000000070ce00000| Untracked 
|  27|0x000000070d000000, 0x000000070d1ae750, 0x000000070d200000| 84%| S|CS|TAMS 0x000000070d000000| PB 0x000000070d000000| Complete 
|  28|0x000000070d200000, 0x000000070d400000, 0x000000070d400000|100%| S|CS|TAMS 0x000000070d200000| PB 0x000000070d200000| Complete 
|  29|0x000000070d400000, 0x000000070d400000, 0x000000070d600000|  0%| F|  |TAMS 0x000000070d400000| PB 0x000000070d400000| Untracked 
|  30|0x000000070d600000, 0x000000070d600000, 0x000000070d800000|  0%| F|  |TAMS 0x000000070d600000| PB 0x000000070d600000| Untracked 
|  31|0x000000070d800000, 0x000000070d800000, 0x000000070da00000|  0%| F|  |TAMS 0x000000070d800000| PB 0x000000070d800000| Untracked 
|  32|0x000000070da00000, 0x000000070dc00000, 0x000000070dc00000|100%| S|CS|TAMS 0x000000070da00000| PB 0x000000070da00000| Complete 
|  33|0x000000070dc00000, 0x000000070de00000, 0x000000070de00000|100%| S|CS|TAMS 0x000000070dc00000| PB 0x000000070dc00000| Complete 
|  34|0x000000070de00000, 0x000000070de00000, 0x000000070e000000|  0%| F|  |TAMS 0x000000070de00000| PB 0x000000070de00000| Untracked 
|  35|0x000000070e000000, 0x000000070e000000, 0x000000070e200000|  0%| F|  |TAMS 0x000000070e000000| PB 0x000000070e000000| Untracked 
|  36|0x000000070e200000, 0x000000070e200000, 0x000000070e400000|  0%| F|  |TAMS 0x000000070e200000| PB 0x000000070e200000| Untracked 
|  37|0x000000070e400000, 0x000000070e400000, 0x000000070e600000|  0%| F|  |TAMS 0x000000070e400000| PB 0x000000070e400000| Untracked 
|  38|0x000000070e600000, 0x000000070e600000, 0x000000070e800000|  0%| F|  |TAMS 0x000000070e600000| PB 0x000000070e600000| Untracked 
|  39|0x000000070e800000, 0x000000070e800000, 0x000000070ea00000|  0%| F|  |TAMS 0x000000070e800000| PB 0x000000070e800000| Untracked 
|  40|0x000000070ea00000, 0x000000070ea00000, 0x000000070ec00000|  0%| F|  |TAMS 0x000000070ea00000| PB 0x000000070ea00000| Untracked 
|  41|0x000000070ec00000, 0x000000070ec00000, 0x000000070ee00000|  0%| F|  |TAMS 0x000000070ec00000| PB 0x000000070ec00000| Untracked 
|  42|0x000000070ee00000, 0x000000070ee00000, 0x000000070f000000|  0%| F|  |TAMS 0x000000070ee00000| PB 0x000000070ee00000| Untracked 
|  43|0x000000070f000000, 0x000000070f000000, 0x000000070f200000|  0%| F|  |TAMS 0x000000070f000000| PB 0x000000070f000000| Untracked 
|  44|0x000000070f200000, 0x000000070f200000, 0x000000070f400000|  0%| F|  |TAMS 0x000000070f200000| PB 0x000000070f200000| Untracked 
|  45|0x000000070f400000, 0x000000070f400000, 0x000000070f600000|  0%| F|  |TAMS 0x000000070f400000| PB 0x000000070f400000| Untracked 
|  46|0x000000070f600000, 0x000000070f600000, 0x000000070f800000|  0%| F|  |TAMS 0x000000070f600000| PB 0x000000070f600000| Untracked 
|  47|0x000000070f800000, 0x000000070f800000, 0x000000070fa00000|  0%| F|  |TAMS 0x000000070f800000| PB 0x000000070f800000| Untracked 
|  48|0x000000070fa00000, 0x000000070fa00000, 0x000000070fc00000|  0%| F|  |TAMS 0x000000070fa00000| PB 0x000000070fa00000| Untracked 
|  49|0x000000070fc00000, 0x000000070fc00000, 0x000000070fe00000|  0%| F|  |TAMS 0x000000070fc00000| PB 0x000000070fc00000| Untracked 
|  50|0x000000070fe00000, 0x000000070fe00000, 0x0000000710000000|  0%| F|  |TAMS 0x000000070fe00000| PB 0x000000070fe00000| Untracked 
|  51|0x0000000710000000, 0x0000000710000000, 0x0000000710200000|  0%| F|  |TAMS 0x0000000710000000| PB 0x0000000710000000| Untracked 
|  52|0x0000000710200000, 0x0000000710200000, 0x0000000710400000|  0%| F|  |TAMS 0x0000000710200000| PB 0x0000000710200000| Untracked 
|  53|0x0000000710400000, 0x0000000710400000, 0x0000000710600000|  0%| F|  |TAMS 0x0000000710400000| PB 0x0000000710400000| Untracked 
|  54|0x0000000710600000, 0x0000000710600000, 0x0000000710800000|  0%| F|  |TAMS 0x0000000710600000| PB 0x0000000710600000| Untracked 
|  55|0x0000000710800000, 0x0000000710800000, 0x0000000710a00000|  0%| F|  |TAMS 0x0000000710800000| PB 0x0000000710800000| Untracked 
|  56|0x0000000710a00000, 0x0000000710a00000, 0x0000000710c00000|  0%| F|  |TAMS 0x0000000710a00000| PB 0x0000000710a00000| Untracked 
|  57|0x0000000710c00000, 0x0000000710c00000, 0x0000000710e00000|  0%| F|  |TAMS 0x0000000710c00000| PB 0x0000000710c00000| Untracked 
|  58|0x0000000710e00000, 0x0000000710e00000, 0x0000000711000000|  0%| F|  |TAMS 0x0000000710e00000| PB 0x0000000710e00000| Untracked 
|  59|0x0000000711000000, 0x0000000711000000, 0x0000000711200000|  0%| F|  |TAMS 0x0000000711000000| PB 0x0000000711000000| Untracked 
|  60|0x0000000711200000, 0x0000000711200000, 0x0000000711400000|  0%| F|  |TAMS 0x0000000711200000| PB 0x0000000711200000| Untracked 
|  61|0x0000000711400000, 0x0000000711400000, 0x0000000711600000|  0%| F|  |TAMS 0x0000000711400000| PB 0x0000000711400000| Untracked 
|  62|0x0000000711600000, 0x0000000711600000, 0x0000000711800000|  0%| F|  |TAMS 0x0000000711600000| PB 0x0000000711600000| Untracked 
|  63|0x0000000711800000, 0x0000000711800000, 0x0000000711a00000|  0%| F|  |TAMS 0x0000000711800000| PB 0x0000000711800000| Untracked 
|  64|0x0000000711a00000, 0x0000000711a00000, 0x0000000711c00000|  0%| F|  |TAMS 0x0000000711a00000| PB 0x0000000711a00000| Untracked 
|  65|0x0000000711c00000, 0x0000000711c00000, 0x0000000711e00000|  0%| F|  |TAMS 0x0000000711c00000| PB 0x0000000711c00000| Untracked 
|  66|0x0000000711e00000, 0x0000000711e00000, 0x0000000712000000|  0%| F|  |TAMS 0x0000000711e00000| PB 0x0000000711e00000| Untracked 
|  67|0x0000000712000000, 0x0000000712000000, 0x0000000712200000|  0%| F|  |TAMS 0x0000000712000000| PB 0x0000000712000000| Untracked 
|  68|0x0000000712200000, 0x0000000712200000, 0x0000000712400000|  0%| F|  |TAMS 0x0000000712200000| PB 0x0000000712200000| Untracked 
|  69|0x0000000712400000, 0x0000000712400000, 0x0000000712600000|  0%| F|  |TAMS 0x0000000712400000| PB 0x0000000712400000| Untracked 
|  70|0x0000000712600000, 0x0000000712600000, 0x0000000712800000|  0%| F|  |TAMS 0x0000000712600000| PB 0x0000000712600000| Untracked 
|  71|0x0000000712800000, 0x0000000712800000, 0x0000000712a00000|  0%| F|  |TAMS 0x0000000712800000| PB 0x0000000712800000| Untracked 
|  72|0x0000000712a00000, 0x0000000712a00000, 0x0000000712c00000|  0%| F|  |TAMS 0x0000000712a00000| PB 0x0000000712a00000| Untracked 
|  73|0x0000000712c00000, 0x0000000712c00000, 0x0000000712e00000|  0%| F|  |TAMS 0x0000000712c00000| PB 0x0000000712c00000| Untracked 
|  74|0x0000000712e00000, 0x0000000712e00000, 0x0000000713000000|  0%| F|  |TAMS 0x0000000712e00000| PB 0x0000000712e00000| Untracked 
|  75|0x0000000713000000, 0x0000000713000000, 0x0000000713200000|  0%| F|  |TAMS 0x0000000713000000| PB 0x0000000713000000| Untracked 
|  76|0x0000000713200000, 0x0000000713200000, 0x0000000713400000|  0%| F|  |TAMS 0x0000000713200000| PB 0x0000000713200000| Untracked 
|  77|0x0000000713400000, 0x0000000713400000, 0x0000000713600000|  0%| F|  |TAMS 0x0000000713400000| PB 0x0000000713400000| Untracked 
|  78|0x0000000713600000, 0x0000000713600000, 0x0000000713800000|  0%| F|  |TAMS 0x0000000713600000| PB 0x0000000713600000| Untracked 
|  79|0x0000000713800000, 0x0000000713800000, 0x0000000713a00000|  0%| F|  |TAMS 0x0000000713800000| PB 0x0000000713800000| Untracked 
|  80|0x0000000713a00000, 0x0000000713a00000, 0x0000000713c00000|  0%| F|  |TAMS 0x0000000713a00000| PB 0x0000000713a00000| Untracked 
|  81|0x0000000713c00000, 0x0000000713c00000, 0x0000000713e00000|  0%| F|  |TAMS 0x0000000713c00000| PB 0x0000000713c00000| Untracked 
|  82|0x0000000713e00000, 0x0000000713e00000, 0x0000000714000000|  0%| F|  |TAMS 0x0000000713e00000| PB 0x0000000713e00000| Untracked 
|  83|0x0000000714000000, 0x0000000714000000, 0x0000000714200000|  0%| F|  |TAMS 0x0000000714000000| PB 0x0000000714000000| Untracked 
|  84|0x0000000714200000, 0x0000000714200000, 0x0000000714400000|  0%| F|  |TAMS 0x0000000714200000| PB 0x0000000714200000| Untracked 
|  85|0x0000000714400000, 0x0000000714400000, 0x0000000714600000|  0%| F|  |TAMS 0x0000000714400000| PB 0x0000000714400000| Untracked 
|  86|0x0000000714600000, 0x0000000714600000, 0x0000000714800000|  0%| F|  |TAMS 0x0000000714600000| PB 0x0000000714600000| Untracked 
|  87|0x0000000714800000, 0x0000000714800000, 0x0000000714a00000|  0%| F|  |TAMS 0x0000000714800000| PB 0x0000000714800000| Untracked 
|  88|0x0000000714a00000, 0x0000000714a00000, 0x0000000714c00000|  0%| F|  |TAMS 0x0000000714a00000| PB 0x0000000714a00000| Untracked 
|  89|0x0000000714c00000, 0x0000000714c00000, 0x0000000714e00000|  0%| F|  |TAMS 0x0000000714c00000| PB 0x0000000714c00000| Untracked 
|  90|0x0000000714e00000, 0x0000000714e00000, 0x0000000715000000|  0%| F|  |TAMS 0x0000000714e00000| PB 0x0000000714e00000| Untracked 
|  91|0x0000000715000000, 0x0000000715000000, 0x0000000715200000|  0%| F|  |TAMS 0x0000000715000000| PB 0x0000000715000000| Untracked 
|  92|0x0000000715200000, 0x0000000715200000, 0x0000000715400000|  0%| F|  |TAMS 0x0000000715200000| PB 0x0000000715200000| Untracked 
|  93|0x0000000715400000, 0x0000000715400000, 0x0000000715600000|  0%| F|  |TAMS 0x0000000715400000| PB 0x0000000715400000| Untracked 
|  94|0x0000000715600000, 0x0000000715600000, 0x0000000715800000|  0%| F|  |TAMS 0x0000000715600000| PB 0x0000000715600000| Untracked 
|  95|0x0000000715800000, 0x0000000715a00000, 0x0000000715a00000|100%| E|  |TAMS 0x0000000715800000| PB 0x0000000715800000| Complete 
|  96|0x0000000715a00000, 0x0000000715c00000, 0x0000000715c00000|100%| E|CS|TAMS 0x0000000715a00000| PB 0x0000000715a00000| Complete 
|  97|0x0000000715c00000, 0x0000000715e00000, 0x0000000715e00000|100%| E|CS|TAMS 0x0000000715c00000| PB 0x0000000715c00000| Complete 
|  98|0x0000000715e00000, 0x0000000716000000, 0x0000000716000000|100%| E|CS|TAMS 0x0000000715e00000| PB 0x0000000715e00000| Complete 
|  99|0x0000000716000000, 0x0000000716200000, 0x0000000716200000|100%| E|CS|TAMS 0x0000000716000000| PB 0x0000000716000000| Complete 
| 100|0x0000000716200000, 0x0000000716400000, 0x0000000716400000|100%| E|CS|TAMS 0x0000000716200000| PB 0x0000000716200000| Complete 
| 101|0x0000000716400000, 0x0000000716600000, 0x0000000716600000|100%| E|CS|TAMS 0x0000000716400000| PB 0x0000000716400000| Complete 
| 102|0x0000000716600000, 0x0000000716800000, 0x0000000716800000|100%| E|CS|TAMS 0x0000000716600000| PB 0x0000000716600000| Complete 
| 103|0x0000000716800000, 0x0000000716a00000, 0x0000000716a00000|100%| E|CS|TAMS 0x0000000716800000| PB 0x0000000716800000| Complete 
| 104|0x0000000716a00000, 0x0000000716c00000, 0x0000000716c00000|100%| E|CS|TAMS 0x0000000716a00000| PB 0x0000000716a00000| Complete 
| 105|0x0000000716c00000, 0x0000000716e00000, 0x0000000716e00000|100%| E|CS|TAMS 0x0000000716c00000| PB 0x0000000716c00000| Complete 
| 106|0x0000000716e00000, 0x0000000717000000, 0x0000000717000000|100%| E|CS|TAMS 0x0000000716e00000| PB 0x0000000716e00000| Complete 
| 107|0x0000000717000000, 0x0000000717200000, 0x0000000717200000|100%| E|CS|TAMS 0x0000000717000000| PB 0x0000000717000000| Complete 
| 108|0x0000000717200000, 0x0000000717400000, 0x0000000717400000|100%| E|CS|TAMS 0x0000000717200000| PB 0x0000000717200000| Complete 
| 109|0x0000000717400000, 0x0000000717600000, 0x0000000717600000|100%| E|CS|TAMS 0x0000000717400000| PB 0x0000000717400000| Complete 
| 110|0x0000000717600000, 0x0000000717800000, 0x0000000717800000|100%| E|CS|TAMS 0x0000000717600000| PB 0x0000000717600000| Complete 
| 111|0x0000000717800000, 0x0000000717a00000, 0x0000000717a00000|100%| E|CS|TAMS 0x0000000717800000| PB 0x0000000717800000| Complete 
| 112|0x0000000717a00000, 0x0000000717c00000, 0x0000000717c00000|100%| E|CS|TAMS 0x0000000717a00000| PB 0x0000000717a00000| Complete 
| 113|0x0000000717c00000, 0x0000000717e00000, 0x0000000717e00000|100%| E|CS|TAMS 0x0000000717c00000| PB 0x0000000717c00000| Complete 
|1968|0x00000007ffa00000, 0x00000007ffc00000, 0x00000007ffc00000|100%| O|  |TAMS 0x00000007ffa00000| PB 0x00000007ffa00000| Untracked 
|1969|0x00000007ffc00000, 0x00000007ffe00000, 0x00000007ffe00000|100%| O|  |TAMS 0x00000007ffc00000| PB 0x00000007ffc00000| Untracked 
|1970|0x00000007ffe00000, 0x0000000800000000, 0x0000000800000000|100%| O|  |TAMS 0x00000007ffe00000| PB 0x00000007ffe00000| Untracked 

Card table byte_map: [0x00000284cc210000,0x00000284cc9d0000] _byte_map_base: 0x00000284c89c3000

Marking Bits: (CMBitMap*) 0x00000284b4063dd0
 Bits: [0x00000284cc9d0000, 0x00000284d0768000)

Polling page: 0x00000284b20a0000

Metaspace:

Usage:
  Non-class:     16.01 MB used.
      Class:      1.81 MB used.
       Both:     17.81 MB used.

Virtual space:
  Non-class space:       64.00 MB reserved,      16.25 MB ( 25%) committed,  1 nodes.
      Class space:        1.00 GB reserved,       2.00 MB ( <1%) committed,  1 nodes.
             Both:        1.06 GB reserved,      18.25 MB (  2%) committed. 

Chunk freelists:
   Non-Class:  15.72 MB
       Class:  13.98 MB
        Both:  29.70 MB

MaxMetaspaceSize: unlimited
CompressedClassSpaceSize: 1.00 GB
Initial GC threshold: 21.00 MB
Current GC threshold: 21.00 MB
CDS: on
 - commit_granule_bytes: 65536.
 - commit_granule_words: 8192.
 - virtual_space_node_default_size: 8388608.
 - enlarge_chunks_in_place: 1.
 - use_allocation_guard: 0.


Internal statistics:

num_allocs_failed_limit: 0.
num_arena_births: 550.
num_arena_deaths: 0.
num_vsnodes_births: 2.
num_vsnodes_deaths: 0.
num_space_committed: 292.
num_space_uncommitted: 0.
num_chunks_returned_to_freelist: 0.
num_chunks_taken_from_freelist: 1272.
num_chunk_merges: 0.
num_chunk_splits: 835.
num_chunks_enlarged: 542.
num_inconsistent_stats: 0.

CodeHeap 'non-profiled nmethods': size=120000Kb used=2861Kb max_used=2861Kb free=117138Kb
 bounds [0x00000284c41f0000, 0x00000284c44c0000, 0x00000284cb720000]
CodeHeap 'profiled nmethods': size=120000Kb used=18667Kb max_used=18667Kb free=101332Kb
 bounds [0x00000284bc720000, 0x00000284bd960000, 0x00000284c3c50000]
CodeHeap 'non-nmethods': size=5760Kb used=1454Kb max_used=1509Kb free=4305Kb
 bounds [0x00000284c3c50000, 0x00000284c3ec0000, 0x00000284c41f0000]
CodeCache: size=245760Kb, used=22982Kb, max_used=23037Kb, free=222775Kb
 total_blobs=8475, nmethods=7976, adapters=400, full_count=0
Compilation: enabled, stopped_count=0, restarted_count=0

Compilation events (20 events):
Event: 4.847 Thread 0x0000028514172380 nmethod 8062 0x00000284bd944810 code [0x00000284bd9449c0, 0x00000284bd944b60]
Event: 4.847 Thread 0x0000028514172380 8065   !   3       com.sun.tools.javac.comp.LambdaToMethod::visitIdent (107 bytes)
Event: 4.847 Thread 0x0000028514172380 nmethod 8065 0x00000284bd944c10 code [0x00000284bd944e40, 0x00000284bd9456a8]
Event: 4.847 Thread 0x0000028514172380 8066       3       com.sun.tools.javac.comp.Check::firstIncompatibleTypeArg (418 bytes)
Event: 4.848 Thread 0x0000028514172380 nmethod 8066 0x00000284bd945a10 code [0x00000284bd945fa0, 0x00000284bd9497c0]
Event: 4.848 Thread 0x0000028514172380 8068       3       com.sun.tools.javac.jvm.Code::mergeChains (113 bytes)
Event: 4.849 Thread 0x0000028514172380 nmethod 8068 0x00000284bd94a810 code [0x00000284bd94aa60, 0x00000284bd94b368]
Event: 4.849 Thread 0x0000028514172380 8064       2       com.sun.tools.javac.jvm.PoolConstant$Dynamic::poolKey (33 bytes)
Event: 4.849 Thread 0x0000028514172380 nmethod 8064 0x00000284bd94b690 code [0x00000284bd94b880, 0x00000284bd94bc18]
Event: 4.849 Thread 0x0000028514172380 8063       2       com.sun.tools.javac.code.Symbol$MethodHandleSymbol::<init> (7 bytes)
Event: 4.849 Thread 0x0000028514172380 nmethod 8063 0x00000284bd94bd90 code [0x00000284bd94bf40, 0x00000284bd94c068]
Event: 4.849 Thread 0x0000028514172380 8067       2       com.sun.tools.javac.tree.JCTree$JCFunctionalExpression::getDescriptorType (24 bytes)
Event: 4.849 Thread 0x0000028514172380 nmethod 8067 0x00000284bd94c110 code [0x00000284bd94c2e0, 0x00000284bd94c550]
Event: 4.851 Thread 0x0000028514172380 8069       2       com.sun.tools.javac.jvm.PoolWriter::putSignature (36 bytes)
Event: 4.852 Thread 0x0000028514172380 nmethod 8069 0x00000284bd94c710 code [0x00000284bd94c920, 0x00000284bd94cc90]
Event: 4.854 Thread 0x0000028514172380 8070       3       com.sun.tools.javac.comp.Operators$$Lambda/0x00000284d41cbae0::test (16 bytes)
Event: 4.854 Thread 0x0000028514172380 nmethod 8070 0x00000284bd94cf90 code [0x00000284bd94d160, 0x00000284bd94d4a8]
Event: 4.858 Thread 0x0000028514172380 8072       2       com.sun.tools.javac.comp.Resolve$AbstractMethodCheck$SharedInapplicableMethodException::setMessage (7 bytes)
Event: 4.858 Thread 0x0000028514172380 nmethod 8072 0x00000284bd94d610 code [0x00000284bd94d7a0, 0x00000284bd94d900]
Event: 4.865 Thread 0x0000028514172380 8078       2       com.sun.tools.javac.comp.Check$$Lambda/0x00000284d41d8448::<init> (15 bytes)

GC Heap History (20 events):
Event: 1.465 GC heap before
{Heap before GC invocations=12 (full 0):
 garbage-first heap   total 90112K, used 61440K [0x0000000709a00000, 0x0000000800000000)
  region size 2048K, 15 young (30720K), 2 survivors (4096K)
 Metaspace       used 10679K, committed 10816K, reserved 1114112K
  class space    used 1124K, committed 1216K, reserved 1048576K
}
Event: 1.473 GC heap after
{Heap after GC invocations=13 (full 0):
 garbage-first heap   total 90112K, used 40960K [0x0000000709a00000, 0x0000000800000000)
  region size 2048K, 2 young (4096K), 2 survivors (4096K)
 Metaspace       used 10679K, committed 10816K, reserved 1114112K
  class space    used 1124K, committed 1216K, reserved 1048576K
}
Event: 1.764 GC heap before
{Heap before GC invocations=13 (full 0):
 garbage-first heap   total 90112K, used 67584K [0x0000000709a00000, 0x0000000800000000)
  region size 2048K, 15 young (30720K), 2 survivors (4096K)
 Metaspace       used 12083K, committed 12288K, reserved 1114112K
  class space    used 1252K, committed 1344K, reserved 1048576K
}
Event: 1.772 GC heap after
{Heap after GC invocations=14 (full 0):
 garbage-first heap   total 135168K, used 43809K [0x0000000709a00000, 0x0000000800000000)
  region size 2048K, 2 young (4096K), 2 survivors (4096K)
 Metaspace       used 12083K, committed 12288K, reserved 1114112K
  class space    used 1252K, committed 1344K, reserved 1048576K
}
Event: 2.202 GC heap before
{Heap before GC invocations=14 (full 0):
 garbage-first heap   total 135168K, used 95009K [0x0000000709a00000, 0x0000000800000000)
  region size 2048K, 28 young (57344K), 2 survivors (4096K)
 Metaspace       used 14458K, committed 14912K, reserved 1114112K
  class space    used 1525K, committed 1728K, reserved 1048576K
}
Event: 2.208 GC heap after
{Heap after GC invocations=15 (full 0):
 garbage-first heap   total 135168K, used 45142K [0x0000000709a00000, 0x0000000800000000)
  region size 2048K, 2 young (4096K), 2 survivors (4096K)
 Metaspace       used 14458K, committed 14912K, reserved 1114112K
  class space    used 1525K, committed 1728K, reserved 1048576K
}
Event: 2.564 GC heap before
{Heap before GC invocations=15 (full 0):
 garbage-first heap   total 135168K, used 114774K [0x0000000709a00000, 0x0000000800000000)
  region size 2048K, 36 young (73728K), 2 survivors (4096K)
 Metaspace       used 14807K, committed 15232K, reserved 1114112K
  class space    used 1536K, committed 1728K, reserved 1048576K
}
Event: 2.576 GC heap after
{Heap after GC invocations=16 (full 0):
 garbage-first heap   total 135168K, used 49267K [0x0000000709a00000, 0x0000000800000000)
  region size 2048K, 4 young (8192K), 4 survivors (8192K)
 Metaspace       used 14807K, committed 15232K, reserved 1114112K
  class space    used 1536K, committed 1728K, reserved 1048576K
}
Event: 2.834 GC heap before
{Heap before GC invocations=16 (full 0):
 garbage-first heap   total 135168K, used 112755K [0x0000000709a00000, 0x0000000800000000)
  region size 2048K, 35 young (71680K), 4 survivors (8192K)
 Metaspace       used 14978K, committed 15360K, reserved 1114112K
  class space    used 1558K, committed 1728K, reserved 1048576K
}
Event: 2.847 GC heap after
{Heap after GC invocations=17 (full 0):
 garbage-first heap   total 135168K, used 52251K [0x0000000709a00000, 0x0000000800000000)
  region size 2048K, 4 young (8192K), 4 survivors (8192K)
 Metaspace       used 14978K, committed 15360K, reserved 1114112K
  class space    used 1558K, committed 1728K, reserved 1048576K
}
Event: 3.014 GC heap before
{Heap before GC invocations=17 (full 0):
 garbage-first heap   total 135168K, used 115739K [0x0000000709a00000, 0x0000000800000000)
  region size 2048K, 35 young (71680K), 4 survivors (8192K)
 Metaspace       used 15032K, committed 15360K, reserved 1114112K
  class space    used 1560K, committed 1728K, reserved 1048576K
}
Event: 3.024 GC heap after
{Heap after GC invocations=18 (full 0):
 garbage-first heap   total 169984K, used 54775K [0x0000000709a00000, 0x0000000800000000)
  region size 2048K, 3 young (6144K), 3 survivors (6144K)
 Metaspace       used 15032K, committed 15360K, reserved 1114112K
  class space    used 1560K, committed 1728K, reserved 1048576K
}
Event: 3.316 GC heap before
{Heap before GC invocations=18 (full 0):
 garbage-first heap   total 169984K, used 148983K [0x0000000709a00000, 0x0000000800000000)
  region size 2048K, 49 young (100352K), 3 survivors (6144K)
 Metaspace       used 15205K, committed 15616K, reserved 1114112K
  class space    used 1571K, committed 1728K, reserved 1048576K
}
Event: 3.327 GC heap after
{Heap after GC invocations=19 (full 0):
 garbage-first heap   total 169984K, used 57561K [0x0000000709a00000, 0x0000000800000000)
  region size 2048K, 5 young (10240K), 5 survivors (10240K)
 Metaspace       used 15205K, committed 15616K, reserved 1114112K
  class space    used 1571K, committed 1728K, reserved 1048576K
}
Event: 3.548 GC heap before
{Heap before GC invocations=19 (full 0):
 garbage-first heap   total 169984K, used 147673K [0x0000000709a00000, 0x0000000800000000)
  region size 2048K, 49 young (100352K), 5 survivors (10240K)
 Metaspace       used 15274K, committed 15680K, reserved 1114112K
  class space    used 1571K, committed 1792K, reserved 1048576K
}
Event: 3.558 GC heap after
{Heap after GC invocations=20 (full 0):
 garbage-first heap   total 169984K, used 57365K [0x0000000709a00000, 0x0000000800000000)
  region size 2048K, 3 young (6144K), 3 survivors (6144K)
 Metaspace       used 15274K, committed 15680K, reserved 1114112K
  class space    used 1571K, committed 1792K, reserved 1048576K
}
Event: 3.786 GC heap before
{Heap before GC invocations=20 (full 0):
 garbage-first heap   total 169984K, used 151573K [0x0000000709a00000, 0x0000000800000000)
  region size 2048K, 49 young (100352K), 3 survivors (6144K)
 Metaspace       used 15305K, committed 15744K, reserved 1114112K
  class space    used 1574K, committed 1792K, reserved 1048576K
}
Event: 3.794 GC heap after
{Heap after GC invocations=21 (full 0):
 garbage-first heap   total 169984K, used 57708K [0x0000000709a00000, 0x0000000800000000)
  region size 2048K, 3 young (6144K), 3 survivors (6144K)
 Metaspace       used 15305K, committed 15744K, reserved 1114112K
  class space    used 1574K, committed 1792K, reserved 1048576K
}
Event: 4.542 GC heap before
{Heap before GC invocations=21 (full 0):
 garbage-first heap   total 169984K, used 151916K [0x0000000709a00000, 0x0000000800000000)
  region size 2048K, 49 young (100352K), 3 survivors (6144K)
 Metaspace       used 17946K, committed 18368K, reserved 1114112K
  class space    used 1834K, committed 1984K, reserved 1048576K
}
Event: 4.554 GC heap after
{Heap after GC invocations=22 (full 0):
 garbage-first heap   total 239616K, used 59711K [0x0000000709a00000, 0x0000000800000000)
  region size 2048K, 4 young (8192K), 4 survivors (8192K)
 Metaspace       used 17946K, committed 18368K, reserved 1114112K
  class space    used 1834K, committed 1984K, reserved 1048576K
}

Dll operation events (7 events):
Event: 0.006 Loaded shared library C:\Program Files\Eclipse Adoptium\jdk-21.0.10.7-hotspot\bin\java.dll
Event: 0.037 Loaded shared library C:\Program Files\Eclipse Adoptium\jdk-21.0.10.7-hotspot\bin\jsvml.dll
Event: 0.065 Loaded shared library C:\Program Files\Eclipse Adoptium\jdk-21.0.10.7-hotspot\bin\jimage.dll
Event: 0.107 Loaded shared library C:\Program Files\Eclipse Adoptium\jdk-21.0.10.7-hotspot\bin\net.dll
Event: 0.111 Loaded shared library C:\Program Files\Eclipse Adoptium\jdk-21.0.10.7-hotspot\bin\nio.dll
Event: 0.275 Loaded shared library C:\Program Files\Eclipse Adoptium\jdk-21.0.10.7-hotspot\bin\zip.dll
Event: 1.640 Loaded shared library C:\Program Files\Eclipse Adoptium\jdk-21.0.10.7-hotspot\bin\verify.dll

Deoptimization events (20 events):
Event: 4.737 Thread 0x00000284b1e35700 Uncommon trap: trap_request=0xffffffde fr.pc=0x00000284c4405d80 relative=0x00000000000002a0
Event: 4.737 Thread 0x00000284b1e35700 Uncommon trap: reason=class_check action=maybe_recompile pc=0x00000284c4405d80 method=com.sun.tools.javac.code.Type$ClassType.allparams()Lcom/sun/tools/javac/util/List; @ 16 c2
Event: 4.737 Thread 0x00000284b1e35700 DEOPT PACKING pc=0x00000284c4405d80 sp=0x000000ae2acfae90
Event: 4.737 Thread 0x00000284b1e35700 DEOPT UNPACKING pc=0x00000284c3ca7ba2 sp=0x000000ae2acfae48 mode 2
Event: 4.739 Thread 0x00000284b1e35700 Uncommon trap: trap_request=0xffffff45 fr.pc=0x00000284c42e6684 relative=0x0000000000004ce4
Event: 4.739 Thread 0x00000284b1e35700 Uncommon trap: reason=unstable_if action=reinterpret pc=0x00000284c42e6684 method=com.sun.tools.javac.jvm.ClassReader.classSigToType()Lcom/sun/tools/javac/code/Type; @ 70 c2
Event: 4.739 Thread 0x00000284b1e35700 DEOPT PACKING pc=0x00000284c42e6684 sp=0x000000ae2acfa340
Event: 4.739 Thread 0x00000284b1e35700 DEOPT UNPACKING pc=0x00000284c3ca7ba2 sp=0x000000ae2acfa348 mode 2
Event: 4.739 Thread 0x00000284b1e35700 Uncommon trap: trap_request=0xffffffde fr.pc=0x00000284c4405d80 relative=0x00000000000002a0
Event: 4.739 Thread 0x00000284b1e35700 Uncommon trap: reason=class_check action=maybe_recompile pc=0x00000284c4405d80 method=com.sun.tools.javac.code.Type$ClassType.allparams()Lcom/sun/tools/javac/util/List; @ 16 c2
Event: 4.739 Thread 0x00000284b1e35700 DEOPT PACKING pc=0x00000284c4405d80 sp=0x000000ae2acfb0b0
Event: 4.739 Thread 0x00000284b1e35700 DEOPT UNPACKING pc=0x00000284c3ca7ba2 sp=0x000000ae2acfb068 mode 2
Event: 4.739 Thread 0x00000284b1e35700 Uncommon trap: trap_request=0xffffff45 fr.pc=0x00000284c4493c1c relative=0x000000000000053c
Event: 4.739 Thread 0x00000284b1e35700 Uncommon trap: reason=unstable_if action=reinterpret pc=0x00000284c4493c1c method=com.sun.tools.javac.comp.Resolve.isAccessible(Lcom/sun/tools/javac/comp/Env;Lcom/sun/tools/javac/code/Symbol$TypeSymbol;Z)Z @ 380 c2
Event: 4.739 Thread 0x00000284b1e35700 DEOPT PACKING pc=0x00000284c4493c1c sp=0x000000ae2acfc130
Event: 4.739 Thread 0x00000284b1e35700 DEOPT UNPACKING pc=0x00000284c3ca7ba2 sp=0x000000ae2acfc0d0 mode 2
Event: 4.775 Thread 0x00000284b1e35700 DEOPT PACKING pc=0x00000284bd6bd9c9 sp=0x000000ae2acfeae0
Event: 4.775 Thread 0x00000284b1e35700 DEOPT UNPACKING pc=0x00000284c3ca86e2 sp=0x000000ae2acfdfe8 mode 0
Event: 4.775 Thread 0x00000284b1e35700 DEOPT PACKING pc=0x00000284bd6be3dd sp=0x000000ae2acfea60
Event: 4.775 Thread 0x00000284b1e35700 DEOPT UNPACKING pc=0x00000284c3ca86e2 sp=0x000000ae2acfdf00 mode 0

Classes loaded (20 events):
Event: 3.977 Loading class java/lang/runtime/ObjectMethods$1
Event: 3.977 Loading class java/lang/runtime/ObjectMethods$1 done
Event: 3.979 Loading class java/lang/invoke/DirectMethodHandle$1
Event: 3.980 Loading class java/lang/invoke/DirectMethodHandle$1 done
Event: 4.012 Loading class java/util/EnumMap$EntrySet
Event: 4.013 Loading class java/util/EnumMap$EntrySet done
Event: 4.013 Loading class java/util/EnumMap$EntryIterator
Event: 4.013 Loading class java/util/EnumMap$EnumMapIterator
Event: 4.013 Loading class java/util/EnumMap$EnumMapIterator done
Event: 4.013 Loading class java/util/EnumMap$EntryIterator done
Event: 4.013 Loading class java/util/EnumMap$EntryIterator$Entry
Event: 4.013 Loading class java/util/EnumMap$EntryIterator$Entry done
Event: 4.351 Loading class java/util/stream/ReduceOps$2
Event: 4.351 Loading class java/util/stream/ReduceOps$2 done
Event: 4.351 Loading class java/util/stream/ReduceOps$2ReducingSink
Event: 4.351 Loading class java/util/stream/ReduceOps$2ReducingSink done
Event: 4.376 Loading class java/lang/invoke/MethodHandleImpl$CountingWrapper
Event: 4.376 Loading class java/lang/invoke/MethodHandleImpl$CountingWrapper done
Event: 4.420 Loading class java/io/DataOutputStream
Event: 4.420 Loading class java/io/DataOutputStream done

Classes unloaded (0 events):
No events

Classes redefined (0 events):
No events

Internal exceptions (20 events):
Event: 4.851 Thread 0x00000284b1e35700 Exception <a 'sun/nio/fs/WindowsException'{0x0000000715ce2450}> (0x0000000715ce2450) 
thrown [s\src\hotspot\share\prims\jni.cpp, line 520]
Event: 4.851 Thread 0x00000284b1e35700 Exception <a 'sun/nio/fs/WindowsException'{0x0000000715ce28c0}> (0x0000000715ce28c0) 
thrown [s\src\hotspot\share\prims\jni.cpp, line 520]
Event: 4.852 Thread 0x00000284b1e35700 Exception <a 'sun/nio/fs/WindowsException'{0x0000000715d01f20}> (0x0000000715d01f20) 
thrown [s\src\hotspot\share\prims\jni.cpp, line 520]
Event: 4.852 Thread 0x00000284b1e35700 Exception <a 'sun/nio/fs/WindowsException'{0x0000000715d02338}> (0x0000000715d02338) 
thrown [s\src\hotspot\share\prims\jni.cpp, line 520]
Event: 4.852 Thread 0x00000284b1e35700 Exception <a 'sun/nio/fs/WindowsException'{0x0000000715d02bb8}> (0x0000000715d02bb8) 
thrown [s\src\hotspot\share\prims\jni.cpp, line 520]
Event: 4.852 Thread 0x00000284b1e35700 Exception <a 'sun/nio/fs/WindowsException'{0x0000000715d03058}> (0x0000000715d03058) 
thrown [s\src\hotspot\share\prims\jni.cpp, line 520]
Event: 4.858 Thread 0x00000284b1e35700 Exception <a 'sun/nio/fs/WindowsException'{0x0000000715de30b8}> (0x0000000715de30b8) 
thrown [s\src\hotspot\share\prims\jni.cpp, line 520]
Event: 4.858 Thread 0x00000284b1e35700 Exception <a 'sun/nio/fs/WindowsException'{0x0000000715de34e8}> (0x0000000715de34e8) 
thrown [s\src\hotspot\share\prims\jni.cpp, line 520]
Event: 4.858 Thread 0x00000284b1e35700 Exception <a 'sun/nio/fs/WindowsException'{0x0000000715de3dc8}> (0x0000000715de3dc8) 
thrown [s\src\hotspot\share\prims\jni.cpp, line 520]
Event: 4.858 Thread 0x00000284b1e35700 Exception <a 'sun/nio/fs/WindowsException'{0x0000000715de4260}> (0x0000000715de4260) 
thrown [s\src\hotspot\share\prims\jni.cpp, line 520]
Event: 4.859 Thread 0x00000284b1e35700 Exception <a 'sun/nio/fs/WindowsException'{0x0000000715a2d598}> (0x0000000715a2d598) 
thrown [s\src\hotspot\share\prims\jni.cpp, line 520]
Event: 4.860 Thread 0x00000284b1e35700 Exception <a 'sun/nio/fs/WindowsException'{0x0000000715a2d9a0}> (0x0000000715a2d9a0) 
thrown [s\src\hotspot\share\prims\jni.cpp, line 520]
Event: 4.860 Thread 0x00000284b1e35700 Exception <a 'sun/nio/fs/WindowsException'{0x0000000715a2e1c8}> (0x0000000715a2e1c8) 
thrown [s\src\hotspot\share\prims\jni.cpp, line 520]
Event: 4.861 Thread 0x00000284b1e35700 Exception <a 'sun/nio/fs/WindowsException'{0x0000000715a61aa8}> (0x0000000715a61aa8) 
thrown [s\src\hotspot\share\prims\jni.cpp, line 520]
Event: 4.861 Thread 0x00000284b1e35700 Exception <a 'sun/nio/fs/WindowsException'{0x0000000715a61ec0}> (0x0000000715a61ec0) 
thrown [s\src\hotspot\share\prims\jni.cpp, line 520]
Event: 4.861 Thread 0x00000284b1e35700 Exception <a 'sun/nio/fs/WindowsException'{0x0000000715a62740}> (0x0000000715a62740) 
thrown [s\src\hotspot\share\prims\jni.cpp, line 520]
Event: 4.863 Thread 0x00000284b1e35700 Exception <a 'sun/nio/fs/WindowsException'{0x0000000715a89f80}> (0x0000000715a89f80) 
thrown [s\src\hotspot\share\prims\jni.cpp, line 520]
Event: 4.863 Thread 0x00000284b1e35700 Exception <a 'sun/nio/fs/WindowsException'{0x0000000715a8a388}> (0x0000000715a8a388) 
thrown [s\src\hotspot\share\prims\jni.cpp, line 520]
Event: 4.863 Thread 0x00000284b1e35700 Exception <a 'sun/nio/fs/WindowsException'{0x0000000715a8abb0}> (0x0000000715a8abb0) 
thrown [s\src\hotspot\share\prims\jni.cpp, line 520]
Event: 4.863 Thread 0x00000284b1e35700 Exception <a 'sun/nio/fs/WindowsException'{0x0000000715a8b048}> (0x0000000715a8b048) 
thrown [s\src\hotspot\share\prims\jni.cpp, line 520]

ZGC Phase Switch (0 events):
No events

VM Operations (20 events):
Event: 4.147 Executing safepoint VM operation: ICBufferFull
Event: 4.147 Executing safepoint VM operation: ICBufferFull done
Event: 4.217 Executing safepoint VM operation: ICBufferFull
Event: 4.217 Executing safepoint VM operation: ICBufferFull done
Event: 4.267 Executing safepoint VM operation: ICBufferFull
Event: 4.267 Executing safepoint VM operation: ICBufferFull done
Event: 4.357 Executing safepoint VM operation: ICBufferFull
Event: 4.357 Executing safepoint VM operation: ICBufferFull done
Event: 4.391 Executing safepoint VM operation: ICBufferFull
Event: 4.391 Executing safepoint VM operation: ICBufferFull done
Event: 4.465 Executing safepoint VM operation: ICBufferFull
Event: 4.465 Executing safepoint VM operation: ICBufferFull done
Event: 4.542 Executing safepoint VM operation: G1CollectForAllocation (G1 Evacuation Pause)
Event: 4.554 Executing safepoint VM operation: G1CollectForAllocation (G1 Evacuation Pause) done
Event: 4.658 Executing safepoint VM operation: ICBufferFull
Event: 4.658 Executing safepoint VM operation: ICBufferFull done
Event: 4.734 Executing safepoint VM operation: ICBufferFull
Event: 4.734 Executing safepoint VM operation: ICBufferFull done
Event: 4.814 Executing safepoint VM operation: ICBufferFull
Event: 4.814 Executing safepoint VM operation: ICBufferFull done

Memory protections (0 events):
No events

Nmethod flushes (0 events):
No events

Events (11 events):
Event: 0.021 Thread 0x00000284b1e35700 Thread added: 0x00000284b1e35700
Event: 0.035 Thread 0x00000284b1e35700 Thread added: 0x00000285141308a0
Event: 0.035 Thread 0x00000284b1e35700 Thread added: 0x0000028514132960
Event: 0.035 Thread 0x00000284b1e35700 Thread added: 0x0000028514133970
Event: 0.035 Thread 0x00000284b1e35700 Thread added: 0x00000285141345f0
Event: 0.035 Thread 0x00000284b1e35700 Thread added: 0x000002851413dd20
Event: 0.035 Thread 0x00000284b1e35700 Thread added: 0x0000028514143e00
Event: 0.035 Thread 0x00000284b1e35700 Thread added: 0x000002851416eb80
Event: 0.035 Thread 0x00000284b1e35700 Thread added: 0x0000028514172380
Event: 0.062 Thread 0x00000284b1e35700 Thread added: 0x00000285143d8080
Event: 0.091 Thread 0x00000284b1e35700 Thread added: 0x00000285143d6cd0


Dynamic libraries:
0x00007ff76f800000 - 0x00007ff76f808000 	C:\Program Files\Eclipse Adoptium\jdk-21.0.10.7-hotspot\bin\javac.exe
0x00007fffb2bc0000 - 0x00007fffb2dc9000 	C:\Windows\SYSTEM32\ntdll.dll
0x00007fffb0b00000 - 0x00007fffb0bbd000 	C:\Windows\System32\KERNEL32.DLL
0x00007fffb0470000 - 0x00007fffb07f4000 	C:\Windows\System32\KERNELBASE.dll
0x00007fffb0050000 - 0x00007fffb0161000 	C:\Windows\System32\ucrtbase.dll
0x00007fff95220000 - 0x00007fff95238000 	C:\Program Files\Eclipse Adoptium\jdk-21.0.10.7-hotspot\bin\jli.dll
0x00007fff940e0000 - 0x00007fff940fe000 	C:\Program Files\Eclipse Adoptium\jdk-21.0.10.7-hotspot\bin\VCRUNTIME140.dll
0x00007fffb0d10000 - 0x00007fffb0ebd000 	C:\Windows\System32\USER32.dll
0x00007fffb08c0000 - 0x00007fffb08e6000 	C:\Windows\System32\win32u.dll
0x00007fffb2810000 - 0x00007fffb283a000 	C:\Windows\System32\GDI32.dll
0x00007fffb0350000 - 0x00007fffb046e000 	C:\Windows\System32\gdi32full.dll
0x00007fff94d80000 - 0x00007fff95025000 	C:\Windows\WinSxS\amd64_microsoft.windows.common-controls_6595b64144ccf1df_6.0.22000.120_none_9d947278b86cc467\COMCTL32.dll
0x00007fffb08f0000 - 0x00007fffb098d000 	C:\Windows\System32\msvcp_win.dll
0x00007fffb2670000 - 0x00007fffb2713000 	C:\Windows\System32\msvcrt.dll
0x00007fffb0ac0000 - 0x00007fffb0af1000 	C:\Windows\System32\IMM32.DLL
0x00007fffa8a10000 - 0x00007fffa8a1c000 	C:\Program Files\Eclipse Adoptium\jdk-21.0.10.7-hotspot\bin\vcruntime140_1.dll
0x00007fff75a00000 - 0x00007fff75a8d000 	C:\Program Files\Eclipse Adoptium\jdk-21.0.10.7-hotspot\bin\msvcp140.dll
0x00007fff03080000 - 0x00007fff03e21000 	C:\Program Files\Eclipse Adoptium\jdk-21.0.10.7-hotspot\bin\server\jvm.dll
0x00007fffb2a60000 - 0x00007fffb2b0e000 	C:\Windows\System32\ADVAPI32.dll
0x00007fffb25d0000 - 0x00007fffb266e000 	C:\Windows\System32\sechost.dll
0x00007fffb24a0000 - 0x00007fffb25c1000 	C:\Windows\System32\RPCRT4.dll
0x00007fffb29d0000 - 0x00007fffb2a3f000 	C:\Windows\System32\WS2_32.dll
0x00007fffaf960000 - 0x00007fffaf9ad000 	C:\Windows\SYSTEM32\POWRPROF.dll
0x00007fffa7ac0000 - 0x00007fffa7aca000 	C:\Windows\SYSTEM32\VERSION.dll
0x00007fffa7c90000 - 0x00007fffa7cc3000 	C:\Windows\SYSTEM32\WINMM.dll
0x00007fffaf940000 - 0x00007fffaf953000 	C:\Windows\SYSTEM32\UMPDC.dll
0x00007fffaf080000 - 0x00007fffaf098000 	C:\Windows\SYSTEM32\kernel.appcore.dll
0x00007fffa8840000 - 0x00007fffa884a000 	C:\Program Files\Eclipse Adoptium\jdk-21.0.10.7-hotspot\bin\jimage.dll
0x00007fffada80000 - 0x00007fffadca1000 	C:\Windows\SYSTEM32\DBGHELP.DLL
0x00007fff93220000 - 0x00007fff93251000 	C:\Windows\SYSTEM32\dbgcore.DLL
0x00007fffb0990000 - 0x00007fffb0a0f000 	C:\Windows\System32\bcryptPrimitives.dll
0x00007fff94030000 - 0x00007fff94050000 	C:\Program Files\Eclipse Adoptium\jdk-21.0.10.7-hotspot\bin\java.dll
0x00007fffb19e0000 - 0x00007fffb21a5000 	C:\Windows\System32\SHELL32.dll
0x00007fffae0e0000 - 0x00007fffae942000 	C:\Windows\SYSTEM32\windows.storage.dll
0x00007fffb11d0000 - 0x00007fffb1546000 	C:\Windows\System32\combase.dll
0x00007fffadf70000 - 0x00007fffae0d7000 	C:\Windows\SYSTEM32\wintypes.dll
0x00007fffb0bc0000 - 0x00007fffb0caa000 	C:\Windows\System32\SHCORE.dll
0x00007fffb21b0000 - 0x00007fffb220d000 	C:\Windows\System32\shlwapi.dll
0x00007fffaff80000 - 0x00007fffaffa5000 	C:\Windows\SYSTEM32\profapi.dll
0x00007fff6b470000 - 0x00007fff6b547000 	C:\Program Files\Eclipse Adoptium\jdk-21.0.10.7-hotspot\bin\jsvml.dll
0x00007fffa7cf0000 - 0x00007fffa7d00000 	C:\Program Files\Eclipse Adoptium\jdk-21.0.10.7-hotspot\bin\net.dll
0x00007fffa7f90000 - 0x00007fffa80a4000 	C:\Windows\SYSTEM32\WINHTTP.dll
0x00007fffaf520000 - 0x00007fffaf587000 	C:\Windows\system32\mswsock.dll
0x00007fff93720000 - 0x00007fff93736000 	C:\Program Files\Eclipse Adoptium\jdk-21.0.10.7-hotspot\bin\nio.dll
0x00007fff933f0000 - 0x00007fff93408000 	C:\Program Files\Eclipse Adoptium\jdk-21.0.10.7-hotspot\bin\zip.dll
0x00007fffa1f50000 - 0x00007fffa1f60000 	C:\Program Files\Eclipse Adoptium\jdk-21.0.10.7-hotspot\bin\verify.dll

JVMTI agents: none

dbghelp: loaded successfully - version: 4.0.5 - missing functions: none
symbol engine: initialized successfully - sym options: 0x614 - pdb path: .;C:\Program Files\Eclipse Adoptium\jdk-21.0.10.7-hotspot\bin;C:\Windows\SYSTEM32;C:\Windows\WinSxS\amd64_microsoft.windows.common-controls_6595b64144ccf1df_6.0.22000.120_none_9d947278b86cc467;C:\Program Files\Eclipse Adoptium\jdk-21.0.10.7-hotspot\bin\server

VM Arguments:
jvm_args: -Dapplication.home=C:\Program Files\Eclipse Adoptium\jdk-21.0.10.7-hotspot --add-modules=ALL-DEFAULT -Xms8m -Djdk.module.main=jdk.compiler 
java_command: jdk.compiler/com.sun.tools.javac.Main @C:/Users/Ali Computers/AppData/Local/Temp/org.codehaus.plexus.compiler.javac.JavacCompiler11229694074867711232arguments
java_class_path (initial): <not set>
Launcher Type: SUN_STANDARD

[Global flags]
     intx CICompilerCount                          = 4                                         {product} {ergonomic}
     uint ConcGCThreads                            = 2                                         {product} {ergonomic}
     uint G1ConcRefinementThreads                  = 8                                         {product} {ergonomic}
   size_t G1HeapRegionSize                         = 2097152                                   {product} {ergonomic}
    uintx GCDrainStackTargetSize                   = 64                                        {product} {ergonomic}
   size_t InitialHeapSize                          = 8388608                                   {product} {command line}
   size_t MarkStackSize                            = 4194304                                   {product} {ergonomic}
   size_t MaxHeapSize                              = 4133486592                                {product} {ergonomic}
   size_t MaxNewSize                               = 2478833664                                {product} {ergonomic}
   size_t MinHeapDeltaBytes                        = 2097152                                   {product} {ergonomic}
   size_t MinHeapSize                              = 8388608                                   {product} {command line}
    uintx NonNMethodCodeHeapSize                   = 5839372                                {pd product} {ergonomic}
    uintx NonProfiledCodeHeapSize                  = 122909434                              {pd product} {ergonomic}
    uintx ProfiledCodeHeapSize                     = 122909434                              {pd product} {ergonomic}
    uintx ReservedCodeCacheSize                    = 251658240                              {pd product} {ergonomic}
     bool SegmentedCodeCache                       = true                                      {product} {ergonomic}
   size_t SoftMaxHeapSize                          = 4133486592                             {manageable} {ergonomic}
     bool UseCompressedOops                        = true                           {product lp64_product} {ergonomic}
     bool UseG1GC                                  = true                                      {product} {ergonomic}
     bool UseLargePagesIndividualAllocation        = false                                  {pd product} {ergonomic}

Logging:
Log output configuration:
 #0: stdout all=warning uptime,level,tags foldmultilines=false
 #1: stderr all=off uptime,level,tags foldmultilines=false

Release file:
IMPLEMENTOR="Eclipse Adoptium" 
IMPLEMENTOR_VERSION="Temurin-21.0.10+7" 
JAVA_RUNTIME_VERSION="21.0.10+7-LTS" 
JAVA_VERSION="21.0.10" 
JAVA_VERSION_DATE="2026-01-20" 
LIBC="default" 
MODULES="java.base java.compiler java.datatransfer java.xml java.prefs java.desktop java.instrument java.logging java.management java.security.sasl java.naming java.rmi java.management.rmi java.net.http java.scripting java.security.jgss java.transaction.xa java.sql java.sql.rowset java.xml.crypto java.se java.smartcardio jdk.accessibility jdk.internal.jvmstat jdk.attach jdk.charsets jdk.internal.opt jdk.zipfs jdk.compiler jdk.crypto.ec jdk.crypto.cryptoki jdk.crypto.mscapi jdk.dynalink jdk.internal.ed jdk.editpad jdk.hotspot.agent jdk.httpserver jdk.incubator.vector jdk.internal.le jdk.internal.vm.ci jdk.internal.vm.compiler jdk.internal.vm.compiler.management jdk.jartool jdk.javadoc jdk.jcmd jdk.management jdk.management.agent jdk.jconsole jdk.jdeps jdk.jdwp.agent jdk.jdi jdk.jfr jdk.jlink jdk.jpackage jdk.jshell jdk.jsobject jdk.jstatd jdk.localedata jdk.management.jfr jdk.naming.dns jdk.naming.rmi jdk.net jdk.nio.mapmode jdk.random jdk.sctp jdk.security.auth jdk.security.jgss jdk.unsupported jdk.unsupported.desktop jdk.xml.dom" 
OS_ARCH="x86_64" 
OS_NAME="Windows" 
SOURCE=".:git:a633eafe0fcc" 
BUILD_SOURCE="git:458965074606f027bd5afce2cfd5c1055dea0438"
BUILD_SOURCE_REPO="https://github.com/adoptium/temurin-build.git"
SOURCE_REPO="https://github.com/adoptium/jdk21u.git"
FULL_VERSION="21.0.10+7-LTS"
SEMANTIC_VERSION="21.0.10+7"
BUILD_INFO="OS: Windows Server 2022 Version: 10.0"
JVM_VARIANT="Hotspot"
JVM_VERSION="21.0.10+7-LTS"
IMAGE_TYPE="JDK"

Environment Variables:
JAVA_HOME=C:\Program Files\Eclipse Adoptium\jdk-21.0.10.7-hotspot
PATH=C:\Program Files\Eclipse Adoptium\jdk-21.0.10.7-hotspot\bin;C:\Program Files\Common Files\Oracle\Java\javapath;C:\Windows\system32;C:\Windows;C:\Windows\System32\Wbem;C:\Windows\System32\WindowsPowerShell\v1.0\;C:\Windows\System32\OpenSSH\;C:\Program Files\dotnet\;C:\Program Files\Java\jdk-25.0.2\bin;C:\Program Files\cursor\resources\app\bin;C:\Program Files\nodejs\;C:\Program Files\Docker\Docker\resources\bin;C:\Program Files\Git\cmd;C:\Program Files\Apache\Maven\apache-maven-3.9.12\bin;%MAVEN_HOME%\bin;C:\Program Files\Eclipse Adoptium\jdk-21.0.10.7-hotspot\bin;C:\Program Files\Eclipse Adoptium\jdk-21.0.10.7-hotspot\bin;C:\Program Files\Common Files\Oracle\Java\javapath;C:\Windows\system32;C:\Windows;C:\Windows\System32\Wbem;C:\Windows\System32\WindowsPowerShell\v1.0\;C:\Windows\System32\OpenSSH\;C:\Program Files\dotnet\;C:\Program Files\Java\jdk-25.0.2\bin;C:\Program Files\cursor\resources\app\bin;C:\Program Files\nodejs\;C:\Program Files\Docker\Docker\resources\bin;C:\Program Files\Git\cmd;C:\Program Files\Apache\Maven\apache-maven-3.9.12\bin;%MAVEN_HOME%\bin;C:\Program Files\MySQL\MySQL Shell 8.0\bin\;C:\Users\Ali Computers\AppData\Local\Microsoft\WindowsApps;C:\Program Files\JetBrains\IntelliJ IDEA Community Edition 2025.2.6.1\bin;C:\Users\Ali Computers\AppData\Local\Programs\Antigravity\bin;C:\Users\Ali Computers\AppData\Local\Programs\Microsoft VS Code\bin;C:\Users\Ali Computers\AppData\Roaming\npm;C:\Users\Ali Computers\AppData\Local\GitHubDesktop\bin
USERNAME=MuhammadSaadHussain
OS=Windows_NT
PROCESSOR_IDENTIFIER=Intel64 Family 6 Model 140 Stepping 1, GenuineIntel
TMP=C:\Users\ALICOM~1\AppData\Local\Temp
TEMP=C:\Users\ALICOM~1\AppData\Local\Temp




Periodic native trim disabled

---------------  S Y S T E M  ---------------

OS:
 Windows 11 , 64 bit Build 22000 (10.0.22000.2538)
OS uptime: 2 days 21:39 hours
Hyper-V role detected

CPU: total 8 (initial active 8) (4 cores per cpu, 2 threads per core) family 6 model 140 stepping 1 microcode 0xbe, cx8, cmov, fxsr, ht, mmx, 3dnowpref, sse, sse2, sse3, ssse3, sse4.1, sse4.2, popcnt, lzcnt, tsc, tscinvbit, avx, avx2, aes, erms, clmul, bmi1, bmi2, adx, avx512f, avx512dq, avx512cd, avx512bw, avx512vl, sha, fma, vzeroupper, avx512_vpopcntdq, avx512_vpclmulqdq, avx512_vaes, avx512_vnni, clflush, clflushopt, clwb, avx512_vbmi2, avx512_vbmi, hv, rdtscp, rdpid, fsrm, gfni, avx512_bitalg, f16c, cet_ibt, cet_ss, avx512_ifma
Processor Information for the first 8 processors :
  Max Mhz: 1498, Current Mhz: 1498, Mhz Limit: 1498

Memory: 4k page, system-wide physical 15761M (283M free)
TotalPageFile size 35945M (AvailPageFile size 4M)
current process WorkingSet (physical memory assigned to process): 329M, peak: 329M
current process commit charge ("private bytes"): 394M, peak: 395M

vm_info: OpenJDK 64-Bit Server VM (21.0.10+7-LTS) for windows-amd64 JRE (21.0.10+7-LTS), built on 2026-01-20T00:00:00Z by "admin" with MS VC++ 17.12 (VS2022)

END.
